<?xml version="1.0" encoding="UTF-8"?>
<robot generator="Robot 7.3.2 (Python 3.13.5 on win32)" generated="2025-08-01T09:43:35.340885" rpa="false" schemaversion="5">
<suite id="s1" name="Esperas" source="C:\Users\weale\OneDrive\Área de Trabalho\CURSOS COMPLEMENTARES\ROBOT FRAMEWORK\Projeto\Controles\esperas\esperas.robot">
<test id="s1-t1" name="Exemplo 01: Teste lidando com o timeout do teste" line="8">
<kw name="Simular espera do teste">
<kw name="Sleep" owner="BuiltIn">
<msg time="2025-08-01T09:43:35.872654" level="INFO">Slept 500 milliseconds.</msg>
<arg>${TEMPO}</arg>
<doc>Pauses the test executed for the given time.</doc>
<status status="PASS" start="2025-08-01T09:43:35.370258" elapsed="0.502516"/>
</kw>
<arg>0.5s</arg>
<status status="PASS" start="2025-08-01T09:43:35.369532" elapsed="0.503337"/>
</kw>
<kw name="Teardown do meu teste" type="TEARDOWN">
<kw name="Run Keyword If Timeout Occurred" owner="BuiltIn">
<arg>Log</arg>
<arg>Esse teste demorou demais, possível problema de performance!</arg>
<doc>Runs the given keyword if either a test or a keyword timeout has occurred.</doc>
<status status="PASS" start="2025-08-01T09:43:35.873498" elapsed="0.000087"/>
</kw>
<status status="PASS" start="2025-08-01T09:43:35.873245" elapsed="0.000397"/>
</kw>
<timeout value="1 second"/>
<status status="PASS" start="2025-08-01T09:43:35.368756" elapsed="0.505069"/>
</test>
<status status="PASS" start="2025-08-01T09:43:35.342609" elapsed="0.531946"/>
</suite>
<statistics>
<total>
<stat pass="1" fail="0" skip="0">All Tests</stat>
</total>
<tag>
</tag>
<suite>
<stat name="Esperas" id="s1" pass="1" fail="0" skip="0">Esperas</stat>
</suite>
</statistics>
<errors>
</errors>
</robot>
