<?xml version="1.0" encoding="UTF-8"?>
<robot generator="Robot 7.3.2 (Python 3.13.5 on win32)" generated="2025-08-01T09:22:32.979216" rpa="false" schemaversion="5">
<suite id="s1" name="Falhas Previstas" source="C:\Users\weale\OneDrive\Área de Trabalho\CURSOS COMPLEMENTARES\ROBOT FRAMEWORK\Projeto\Controles\falhasEsperadas\falhas_previstas.robot">
<test id="s1-t1" name="Exemplo 01: Teste lidando com falhas previstas" line="3">
<kw name="Essa keyword vai falhar, mas vou ignorar (a suíte irá passar)!">
<kw name="Run Keyword And Ignore Error" owner="BuiltIn">
<kw name="Should Be True" owner="BuiltIn">
<msg time="2025-08-01T09:22:33.007927" level="FAIL">'"May" == "João"' should be true.</msg>
<arg>"May" == "João"</arg>
<doc>Fails if the given condition is not true.</doc>
<status status="FAIL" start="2025-08-01T09:22:33.007723" elapsed="0.000337">'"May" == "João"' should be true.</status>
</kw>
<arg>Should Be True</arg>
<arg>"May" == "João"</arg>
<doc>Runs the given keyword with the given arguments and ignores possible error.</doc>
<status status="PASS" start="2025-08-01T09:22:33.007543" elapsed="0.000636"/>
</kw>
<kw name="Log" owner="BuiltIn">
<msg time="2025-08-01T09:22:33.008356" level="INFO">Continuo a execução!!</msg>
<arg>Continuo a execução!!</arg>
<doc>Logs the given message with the given level.</doc>
<status status="PASS" start="2025-08-01T09:22:33.008260" elapsed="0.000137"/>
</kw>
<status status="PASS" start="2025-08-01T09:22:33.007105" elapsed="0.001348"/>
</kw>
<kw name="Essa keyword encerra a execução da suíte!">
<kw name="Run Keyword If" owner="BuiltIn">
<arg>"${STOP}"=="Para tudo!"</arg>
<arg>Fatal Error</arg>
<arg>msg=Para tudo, não adianta continuar com essa falha aqui!!!</arg>
<doc>Runs the given keyword with the given arguments, if ``condition`` is true.</doc>
<status status="PASS" start="2025-08-01T09:22:33.008879" elapsed="0.000139"/>
</kw>
<arg>Não pare, por favor!</arg>
<status status="PASS" start="2025-08-01T09:22:33.008678" elapsed="0.000395"/>
</kw>
<kw name="Essa keyword vai falhar, mas é uma falha que deve acontecer para meu teste ser considerado OK!">
<kw name="Run Keyword And Expect Error" owner="BuiltIn">
<kw name="Should Be True" owner="BuiltIn">
<msg time="2025-08-01T09:22:33.009632" level="FAIL">'"May" == "João"' should be true.</msg>
<arg>"May" == "João"</arg>
<doc>Fails if the given condition is not true.</doc>
<status status="FAIL" start="2025-08-01T09:22:33.009502" elapsed="0.000193">'"May" == "João"' should be true.</status>
</kw>
<arg>'"May" == "João"' should be true.</arg>
<arg>Should Be True</arg>
<arg>"May" == "João"</arg>
<doc>Runs the keyword and checks that the expected error occurred.</doc>
<status status="PASS" start="2025-08-01T09:22:33.009401" elapsed="0.000463"/>
</kw>
<status status="PASS" start="2025-08-01T09:22:33.009246" elapsed="0.000667"/>
</kw>
<kw name="Essa keyword vai falhar, não vou ignorar (a suíte irá falhar), mas vou continuar a execução!">
<kw name="Run Keyword And Continue On Failure" owner="BuiltIn">
<kw name="Should Be True" owner="BuiltIn">
<msg time="2025-08-01T09:22:33.010460" level="FAIL">'"May" == "João"' should be true.</msg>
<arg>"May" == "João"</arg>
<doc>Fails if the given condition is not true.</doc>
<status status="FAIL" start="2025-08-01T09:22:33.010332" elapsed="0.000175">'"May" == "João"' should be true.</status>
</kw>
<arg>Should Be True</arg>
<arg>"May" == "João"</arg>
<doc>Runs the keyword and continues execution even if a failure occurs.</doc>
<status status="FAIL" start="2025-08-01T09:22:33.010245" elapsed="0.000309">'"May" == "João"' should be true.</status>
</kw>
<kw name="Log" owner="BuiltIn">
<msg time="2025-08-01T09:22:33.010713" level="INFO">Continuo a execução 1!!</msg>
<arg>Continuo a execução 1!!</arg>
<doc>Logs the given message with the given level.</doc>
<status status="PASS" start="2025-08-01T09:22:33.010647" elapsed="0.000099"/>
</kw>
<kw name="Log" owner="BuiltIn">
<msg time="2025-08-01T09:22:33.010873" level="INFO">Continuo a execução 2!!</msg>
<arg>Continuo a execução 2!!</arg>
<doc>Logs the given message with the given level.</doc>
<status status="PASS" start="2025-08-01T09:22:33.010813" elapsed="0.000090"/>
</kw>
<kw name="Log" owner="BuiltIn">
<msg time="2025-08-01T09:22:33.011026" level="INFO">Continuo a execução 3!!</msg>
<arg>Continuo a execução 3!!</arg>
<doc>Logs the given message with the given level.</doc>
<status status="PASS" start="2025-08-01T09:22:33.010969" elapsed="0.000087"/>
</kw>
<status status="FAIL" start="2025-08-01T09:22:33.010092" elapsed="0.001042">'"May" == "João"' should be true.</status>
</kw>
<kw name="Essa keyword encerra a execução da suíte!">
<kw name="Run Keyword If" owner="BuiltIn">
<kw name="Fatal Error" owner="BuiltIn">
<msg time="2025-08-01T09:22:33.011746" level="FAIL">Para tudo, não adianta continuar com essa falha aqui!!!</msg>
<arg>msg=Para tudo, não adianta continuar com essa falha aqui!!!</arg>
<doc>Stops the whole test execution.</doc>
<status status="FAIL" start="2025-08-01T09:22:33.011625" elapsed="0.000170">Para tudo, não adianta continuar com essa falha aqui!!!</status>
</kw>
<arg>"${STOP}"=="Para tudo!"</arg>
<arg>Fatal Error</arg>
<arg>msg=Para tudo, não adianta continuar com essa falha aqui!!!</arg>
<doc>Runs the given keyword with the given arguments, if ``condition`` is true.</doc>
<status status="FAIL" start="2025-08-01T09:22:33.011479" elapsed="0.000356">Para tudo, não adianta continuar com essa falha aqui!!!</status>
</kw>
<arg>Para tudo!</arg>
<status status="FAIL" start="2025-08-01T09:22:33.011305" elapsed="0.000597">Para tudo, não adianta continuar com essa falha aqui!!!</status>
</kw>
<status status="FAIL" start="2025-08-01T09:22:33.006254" elapsed="0.005837">Several failures occurred:

1) '"May" == "João"' should be true.

2) Para tudo, não adianta continuar com essa falha aqui!!!</status>
</test>
<test id="s1-t2" name="Exemplo 02: Teste de continuação da suíte" line="10">
<tag>robot:exit</tag>
<status status="FAIL" start="2025-08-01T09:22:33.012551" elapsed="0.000329">Test execution stopped due to a fatal error.</status>
</test>
<test id="s1-t3" name="Exemplo 03: Teste de continuação da suíte" line="13">
<tag>robot:exit</tag>
<status status="FAIL" start="2025-08-01T09:22:33.013182" elapsed="0.000222">Test execution stopped due to a fatal error.</status>
</test>
<status status="FAIL" start="2025-08-01T09:22:32.981010" elapsed="0.032756"/>
</suite>
<statistics>
<total>
<stat pass="0" fail="3" skip="0">All Tests</stat>
</total>
<tag>
<stat info="combined" combined="NOT robot:exit" pass="0" fail="1" skip="0">NOT robot:exit</stat>
</tag>
<suite>
<stat name="Falhas Previstas" id="s1" pass="0" fail="3" skip="0">Falhas Previstas</stat>
</suite>
</statistics>
<errors>
</errors>
</robot>
